%!Adobe-FontList 1.18
%Locale:0x412

%BeginFont
Handler:DirectoryHandler
FontType:CID
FontName:AdobeMyungjoStd-Medium
FamilyName:Adobe Myungjo Std
StyleName:M
FullName:Adobe Myungjo Std M
MenuName:Adobe 명조 Std M
StyleBits:0
FamilyNameNative:Adobe 명조 Std
StyleNameNative:M
FullNameNative:Adobe 명조 Std M
WritingScript:Korean
OutlineFileName:F:\포폴(2018)\20130581_안교춘 폴더\Document fonts\AdobeMyungjoStd-Medium.otf
DataFormat:sfntData
isCFF:yes
hasSVG:no
FileLength:4103504
FileModTime:1475677150
WeightClass:500
WidthClass:5
AngleClass:0
NameArray:0,Mac,4,Adobe Myungjo Std M
NameArray:3,Mac,4,Adobe 명조 Std M
NameArray:0,Win,1,Adobe Myungjo Std M
NameArray:0,Win,16,Adobe Myungjo Std
NameArray:3,Win,1,Adobe 명조 Std M
NameArray:3,Win,16,Adobe 명조 Std
%EndFont

%BeginFont
Handler:DirectoryHandler
FontType:TrueType
FontName:DIN-Light
FamilyName:DIN
StyleName:Light
FullName:DIN-Light
MenuName:DIN
StyleBits:0
WritingScript:Roman
OutlineFileName:F:\포폴(2018)\20130581_안교춘 폴더\Document fonts\DINLight.ttf
DataFormat:sfntData
hasSVG:no
FileLength:44024
FileModTime:1516272074
WeightClass:300
WidthClass:5
AngleClass:0
NameArray:0,Mac,4,DIN-Light
NameArray:0,Win,1,DIN
%EndFont

%BeginFont
Handler:DirectoryHandler
FontType:Type1
FontName:HelveticaLTStd-Light
FamilyName:Helvetica LT Std
StyleName:Light
FullName:Helvetica LT Std Light
MenuName:Helvetica LT Std Light
StyleBits:0
WritingScript:Roman
OutlineFileName:F:\포폴(2018)\20130581_안교춘 폴더\Document fonts\HelveticaLTStd-Light.otf
DataFormat:sfntData
UsesStandardEncoding:yes
isCFF:yes
hasSVG:no
FileLength:27720
FileModTime:1465367704
WeightClass:300
WidthClass:5
AngleClass:0
DesignSize:120
NameArray:0,Mac,4,Helvetica LT Std Light
NameArray:0,Win,1,Helvetica LT Std Light
NameArray:0,Win,16,Helvetica LT Std
%EndFont

%BeginFont
Handler:DirectoryHandler
FontType:Type1
FontName:MinionPro-Regular
FamilyName:Minion Pro
StyleName:Regular
FullName:Minion Pro
MenuName:Minion Pro
StyleBits:0
WritingScript:Roman
OutlineFileName:F:\포폴(2018)\20130581_안교춘 폴더\Document fonts\MinionPro-Regular.otf
DataFormat:sfntData
UsesStandardEncoding:yes
isCFF:yes
hasSVG:no
FileLength:218640
FileModTime:1475677152
WeightClass:400
WidthClass:5
AngleClass:0
DesignSize:110
NameArray:0,Mac,4,Minion Pro
NameArray:0,Win,1,Minion Pro
%EndFont

